Removed Pin From Net: NetName=+3V3 Pin=C1-P$1
Removed Pin From Net: NetName=GND Pin=C1-P$2
Removed Pin From Net: NetName=+3V3 Pin=C2-P$1
Removed Pin From Net: NetName=GND Pin=C2-P$2
Removed Pin From Net: NetName=GND Pin=C3-P$2
Removed Pin From Net: NetName=+3V3 Pin=C4-P$1
Removed Pin From Net: NetName=GND Pin=C4-P$2
Removed Pin From Net: NetName=+3V3 Pin=C5-P$1
Removed Pin From Net: NetName=GND Pin=C5-P$2
Removed Pin From Net: NetName=GND Pin=C6-P$2
Removed Pin From Net: NetName=+3V3 Pin=U1-1
Removed Pin From Net: NetName=IMU_SCK Pin=U1-2
Removed Pin From Net: NetName=IMU_MOSI Pin=U1-3
Removed Pin From Net: NetName=IMU_MISO Pin=U1-4
Removed Pin From Net: NetName=G\Y\R\O\_\C\S\ Pin=U1-5
Removed Pin From Net: NetName=GND Pin=U1-8
Removed Pin From Net: NetName=GND Pin=U1-9
Removed Pin From Net: NetName=GND Pin=U1-10
Removed Pin From Net: NetName=GND Pin=U1-11
Removed Pin From Net: NetName=GND Pin=U1-12
Removed Pin From Net: NetName=GND Pin=U1-13
Removed Pin From Net: NetName=+3V3 Pin=U1-15
Removed Pin From Net: NetName=+3V3 Pin=U1-16
Removed Pin From Net: NetName=+3V3 Pin=U2-1
Removed Pin From Net: NetName=IMU_SCK Pin=U2-4
Removed Pin From Net: NetName=GND Pin=U2-5
Removed Pin From Net: NetName=IMU_MOSI Pin=U2-6
Removed Pin From Net: NetName=IMU_MISO Pin=U2-7
Removed Pin From Net: NetName=A\C\C\E\L\_\M\A\G\_\C\S\ Pin=U2-8
Removed Pin From Net: NetName=GND Pin=U2-10
Removed Pin From Net: NetName=GND Pin=U2-12
Removed Pin From Net: NetName=GND Pin=U2-13
Removed Pin From Net: NetName=+3V3 Pin=U2-14
Removed Pin From Net: NetName=GND Pin=U2-16
Removed Member From Class: ClassName=SMART_IMU Member=C1
Removed Member From Class: ClassName=SMART_IMU Member=C2
Removed Member From Class: ClassName=SMART_IMU Member=C3
Removed Member From Class: ClassName=SMART_IMU Member=C4
Removed Member From Class: ClassName=SMART_IMU Member=C5
Removed Member From Class: ClassName=SMART_IMU Member=C6
Removed Member From Class: ClassName=SMART_IMU Member=C7
Removed Member From Class: ClassName=SMART_IMU Member=U1
Removed Member From Class: ClassName=SMART_IMU Member=U2
Added Room: Name=SMART_IMU
