Removed Pin From Net: NetName=+3V3 Pin=C12-P$1
Removed Pin From Net: NetName=GND Pin=C12-P$2
Removed Pin From Net: NetName=+3V3 Pin=C13-P$1
Removed Pin From Net: NetName=GND Pin=C13-P$2
Removed Pin From Net: NetName=+3V3 Pin=C14-P$1
Removed Pin From Net: NetName=GND Pin=C14-P$2
Removed Pin From Net: NetName=GND Pin=Nut 1-0
Removed Pin From Net: NetName=GND Pin=Nut 2-0
Removed Pin From Net: NetName=GND Pin=Nut 3-0
Removed Pin From Net: NetName=GND Pin=Nut 4-0
Removed Pin From Net: NetName=+3V3 Pin=U4-1
Removed Pin From Net: NetName=GND Pin=U4-2
Removed Pin From Net: NetName=GND Pin=U4-3
Removed Pin From Net: NetName=B\A\R\O\_\C\S\ Pin=U4-5
Removed Pin From Net: NetName=IMU_MISO Pin=U4-6
Removed Pin From Net: NetName=IMU_MOSI Pin=U4-7
Removed Pin From Net: NetName=IMU_SCK Pin=U4-8
Removed Member From Class: ClassName=SMART_IMU Member=C12
Removed Member From Class: ClassName=SMART_IMU Member=C13
Removed Member From Class: ClassName=SMART_IMU Member=C14
Removed Member From Class: ClassName=SMART_IMU Member=Nut 1
Removed Member From Class: ClassName=SMART_IMU Member=Nut 3
Removed Member From Class: ClassName=SMART_IMU Member=Nut 4
Removed Member From Class: ClassName=SMART_IMU Member=U4
Added Pin To Net: NetName=B\A\R\O\_\C\S\ Pin=P1-1
Added Pin To Net: NetName=A\C\C\E\L\_\M\A\G\_\C\S\ Pin=P1-2
Added Pin To Net: NetName=GND Pin=P1-3
Added Pin To Net: NetName=GND Pin=P1-4
Added Pin To Net: NetName=M\P\U\_\C\S\ Pin=P1-5
Added Pin To Net: NetName=G\Y\R\O\_\C\S\ Pin=P1-6
Added Pin To Net: NetName=GND Pin=P1-7
Added Pin To Net: NetName=GND Pin=P1-8
Added Pin To Net: NetName=IMU_TEMPERATURE_CONTROL Pin=P1-9
Added Pin To Net: NetName=IMU_MOSI Pin=P1-10
Added Pin To Net: NetName=+3V3 Pin=P1-11
Added Pin To Net: NetName=GND Pin=P1-12
Added Pin To Net: NetName=+3V3 Pin=P1-13
Added Pin To Net: NetName=IMU_MISO Pin=P1-14
Added Pin To Net: NetName=+3V3 Pin=P1-15
Added Pin To Net: NetName=GND Pin=P1-16
Added Pin To Net: NetName=+3V3 Pin=P1-17
Added Pin To Net: NetName=IMU_SCK Pin=P1-18
Added Pin To Net: NetName=+3V3 Pin=P1-19
Added Pin To Net: NetName=GND Pin=P1-20
Added Pin To Net: NetName=GND Pin=P1-21
Added Pin To Net: NetName=GND Pin=P1-22
Added Pin To Net: NetName=GND Pin=P1-23
Added Pin To Net: NetName=GND Pin=P1-24
Change Class Name : Old Net Name=SMART_IMU New Net Name=Basic_flex_IMU
Added Member To Class: ClassName=Basic_flex_IMU Member=Component P1 DF40C-20DP
